<?xml version="1.0" encoding="UTF-8"?>
<testng-results skipped="0" failed="0" ignored="0" total="1" passed="1">
  <reporter-output>
  </reporter-output>
  <suite name="Second Test Suite" duration-ms="32" started-at="2020-10-20T14:54:59 IST" finished-at="2020-10-20T14:54:59 IST">
    <groups>
    </groups>
    <test name="isuitetest2" duration-ms="32" started-at="2020-10-20T14:54:59 IST" finished-at="2020-10-20T14:54:59 IST">
      <class name="listener.TestNG2">
        <test-method status="PASS" signature="bsuite()[pri:0, instance:listener.TestNG2@6e0e048a]" name="bsuite" is-config="true" duration-ms="7" started-at="2020-10-20T14:54:59 IST" finished-at="2020-10-20T14:54:59 IST">
          <reporter-output>
          </reporter-output>
        </test-method> <!-- bsuite -->
        <test-method status="PASS" signature="test()[pri:0, instance:listener.TestNG2@6e0e048a]" name="test" duration-ms="7" started-at="2020-10-20T14:54:59 IST" finished-at="2020-10-20T14:54:59 IST">
          <reporter-output>
          </reporter-output>
        </test-method> <!-- test -->
        <test-method status="PASS" signature="asuite()[pri:0, instance:listener.TestNG2@6e0e048a]" name="asuite" is-config="true" duration-ms="0" started-at="2020-10-20T14:54:59 IST" finished-at="2020-10-20T14:54:59 IST">
          <reporter-output>
          </reporter-output>
        </test-method> <!-- asuite -->
      </class> <!-- listener.TestNG2 -->
    </test> <!-- isuitetest2 -->
  </suite> <!-- Second Test Suite -->
</testng-results>
