<?xml version="1.0" encoding="UTF-8"?>
<!-- Generated by org.testng.reporters.JUnitXMLReporter -->
<testsuite hostname="INPU7Q2RPH2" ignored="2" name="Software Company" tests="1" failures="0" timestamp="2020-10-20T14:23:33 IST" time="0.045" errors="0">
  <testcase name="wipro" time="0.007" classname="testng.Groups"/>
  <testcase name="technip" time="0.0" classname="testng.Groups">
    <ignored/>
  </testcase> <!-- technip -->
  <testcase name="infosys" time="0.0" classname="testng.Groups">
    <ignored/>
  </testcase> <!-- infosys -->
</testsuite> <!-- Software Company -->
