<?xml version="1.0" encoding="UTF-8"?>
<testng-results skipped="0" failed="0" ignored="0" total="1" passed="1">
  <reporter-output>
  </reporter-output>
  <suite name="Default suite" duration-ms="67" started-at="2020-10-19T17:37:28 IST" finished-at="2020-10-19T17:37:28 IST">
    <groups>
    </groups>
    <test name="Default test" duration-ms="67" started-at="2020-10-19T17:37:28 IST" finished-at="2020-10-19T17:37:28 IST">
      <class name="testng.Car_loan">
        <test-method status="PASS" signature="car_loan()[pri:0, instance:testng.Car_loan@396f6598]" name="car_loan" duration-ms="15" started-at="2020-10-19T17:37:28 IST" finished-at="2020-10-19T17:37:28 IST">
          <reporter-output>
          </reporter-output>
        </test-method> <!-- car_loan -->
      </class> <!-- testng.Car_loan -->
    </test> <!-- Default test -->
  </suite> <!-- Default suite -->
</testng-results>
